<?xml version="1.0" encoding="UTF-8"?>
<!-- Generated by org.testng.reporters.JUnitReportReporter -->
<testsuite hostname="Metallica" name="tests.Proba" tests="1" failures="0" timestamp="23 Mar 2016 13:49:38 GMT" time="4.414" errors="0">
  <testcase name="otvoriUserInfo" time="4.414" classname="tests.Proba"/>
</testsuite> <!-- tests.Proba -->
