<?xml version="1.0" encoding="UTF-8"?>
<!-- Generated by org.testng.reporters.JUnitReportReporter -->
<testsuite hostname="Metallica" name="tests.LoginPageTest" tests="1" failures="0" timestamp="22 Mar 2016 21:27:22 GMT" time="6.445" errors="0">
  <testcase name="enterUsername" time="6.445" classname="tests.LoginPageTest"/>
</testsuite> <!-- tests.LoginPageTest -->
